[Licensing::Module] Trying to connect to existing licensing client channel...
Built from '6000.3/staging' branch; Version is '6000.3.2f1 (a9779f353c9b) revision 11106207'; Using compiler version '194234433'; Build Type 'Release'
OS: 'Windows 11  (10.0.26200) 64bit Professional' Language: 'en' Physical Memory: 15573 MB
[Licensing::IpcConnector] Successfully connected to: "LicenseClient-DELL PRECISION" at "2026-07-18T09:29:22.4967111Z"
BatchMode: 1, IsHumanControllingUs: 0, StartBugReporterOnCrash: 0, Is64bit: 1
Date: 2026-07-18T09:29:22Z

COMMAND LINE ARGUMENTS:
C:\Program Files\Unity\Hub\Editor\6000.3.2f1\Editor\Unity.exe
-adb2
-batchMode
-noUpm
-name
AssetImportWorker1
-projectPath
D:/FPT POLYTECHNIC/kì 3/DuAn1/DeadZone
-logFile
Logs/AssetImportWorker1.log
-srvPort
62635
-licensingIpc
LicenseClient-DELL PRECISION
-job-worker-count
7
-background-job-worker-count
8
-gc-helper-count
1
-name
AssetImport
Successfully changed project path to: D:/FPT POLYTECHNIC/kì 3/DuAn1/DeadZone
D:/FPT POLYTECHNIC/kì 3/DuAn1/DeadZone
[UnityMemory] Configuration Parameters - Can be set up in boot.config
    "memorysetup-temp-allocator-size-nav-mesh-worker=65536"
    "memorysetup-temp-allocator-size-audio-worker=65536"
    "memorysetup-temp-allocator-size-gfx=262144"
    "memorysetup-allocator-temp-initial-block-size-main=262144"
    "memorysetup-allocator-temp-initial-block-size-worker=262144"
    "memorysetup-temp-allocator-size-background-worker=32768"
    "memorysetup-temp-allocator-size-job-worker=262144"
    "memorysetup-temp-allocator-size-preload-manager=33554432"
    "memorysetup-temp-allocator-size-gi-baking-worker=262144"
    "memorysetup-temp-allocator-size-gi-baking-worker=262144"
    "memorysetup-temp-allocator-size-gi-baking-worker=262144"
    "memorysetup-temp-allocator-size-gi-baking-worker=262144"
    "memorysetup-temp-allocator-size-gi-baking-worker=262144"
    "memorysetup-bucket-allocator-granularity=16"
    "memorysetup-bucket-allocator-bucket-count=8"
    "memorysetup-bucket-allocator-block-size=33554432"
    "memorysetup-bucket-allocator-block-count=8"
    "memorysetup-main-allocator-block-size=16777216"
    "memorysetup-thread-allocator-block-size=16777216"
    "memorysetup-gfx-main-allocator-block-size=16777216"
    "memorysetup-gfx-thread-allocator-block-size=16777216"
    "memorysetup-cache-allocator-block-size=4194304"
    "memorysetup-typetree-allocator-block-size=2097152"
    "memorysetup-profiler-bucket-allocator-granularity=16"
    "memorysetup-profiler-bucket-allocator-bucket-count=8"
    "memorysetup-profiler-bucket-allocator-block-size=33554432"
    "memorysetup-profiler-bucket-allocator-block-count=8"
    "memorysetup-profiler-allocator-block-size=16777216"
    "memorysetup-profiler-editor-allocator-block-size=1048576"
    "memorysetup-temp-allocator-size-main=16777216"
    "memorysetup-job-temp-allocator-block-size=2097152"
    "memorysetup-job-temp-allocator-block-size-background=1048576"
    "memorysetup-job-temp-allocator-reduction-small-platforms=262144"
    "memorysetup-temp-allocator-size-cloud-worker=32768"
Player connection [13104]  Target information:

Player connection [13104]  * "[IP] 192.168.26.102 [Port] 0 [Flags] 2 [Guid] 2008484172 [EditorId] 2008484172 [Version] 1048832 [Id] WindowsEditor(7,DESKTOP-652MSM8) [Debug] 1 [PackageName] WindowsEditor [ProjectName] Editor" 

Player connection [13104] Host joined multi-casting on [225.0.0.222:54997]...
Player connection [13104] Host joined alternative multi-casting on [225.0.0.222:34997]...
JobSystem: Creating JobQueue using job-worker-count value 7
Input System module state changed to: Initialized.
[Physics::Module] Initialized fallback backend.
[Physics::Module] Id: 0xdecafbad
Library Redirect Path: Library/
[Physics::Module] Selected backend.
[Physics::Module] Name: PhysX
[Physics::Module] Id: 0xf2b8ea05
[Physics::Module] SDK Version: 4.1.2
[Physics::Module] Integration Version: 1.0.0
[Physics::Module] Threading Mode: Multi-Threaded
Refreshing native plugins compatible for Editor in 234.93 ms, found 4 plugins.
Preloading 0 native plugins for Editor in 0.00 ms.
Initialize engine version: 6000.3.2f1 (a9779f353c9b)
[Subsystems] Discovering subsystems at path C:/Program Files/Unity/Hub/Editor/6000.3.2f1/Editor/Data/Resources/UnitySubsystems
[Subsystems] Discovering subsystems at path D:/FPT POLYTECHNIC/kì 3/DuAn1/DeadZone/Assets
GfxDevice: creating device client; kGfxThreadingModeNonThreaded
Direct3D:
    Version:  Direct3D 11.0 [level 11.1]
    Renderer: NVIDIA RTX A4000 Laptop GPU (ID=0x24b7)
    Vendor:   NVIDIA
    VRAM:     8020 MB
    Driver:   32.0.15.8195
Initialize mono
Mono path[0] = 'C:/Program Files/Unity/Hub/Editor/6000.3.2f1/Editor/Data/Managed'
Mono path[1] = 'C:/Program Files/Unity/Hub/Editor/6000.3.2f1/Editor/Data/MonoBleedingEdge/lib/mono/unityjit-win32'
Mono config path = 'C:/Program Files/Unity/Hub/Editor/6000.3.2f1/Editor/Data/MonoBleedingEdge/etc'
Using monoOptions --debugger-agent=transport=dt_socket,embedding=1,server=y,suspend=n,address=127.0.0.1:56044
Begin MonoManager ReloadAssembly
Registering precompiled unity dll's ...
Register platform support module: C:/Program Files/Unity/Hub/Editor/6000.3.2f1/Editor/Data/PlaybackEngines/WindowsStandaloneSupport/UnityEditor.WindowsStandalone.Extensions.dll
Registered in 0.001250 seconds.
- Loaded All Assemblies, in  0.540 seconds
Native extension for WindowsStandalone target not found
Mono: successfully reloaded assembly
- Finished resetting the current domain, in  0.566 seconds
Domain Reload Profiling: 1104ms
	BeginReloadAssembly (214ms)
		ExecutionOrderSort (0ms)
		DisableScriptedObjects (0ms)
		BackupInstance (0ms)
		ReleaseScriptingObjects (0ms)
		CreateAndSetChildDomain (1ms)
	RebuildCommonClasses (56ms)
	RebuildNativeTypeToScriptingClass (13ms)
	initialDomainReloadingComplete (54ms)
	LoadAllAssembliesAndSetupDomain (201ms)
		LoadAssemblies (209ms)
		RebuildTransferFunctionScriptingTraits (0ms)
		AnalyzeDomain (198ms)
			TypeCache.Refresh (196ms)
				TypeCache.ScanAssembly (179ms)
			BuildScriptInfoCaches (0ms)
			ResolveRequiredComponents (0ms)
	FinalizeReload (567ms)
		ReleaseScriptCaches (0ms)
		RebuildScriptCaches (0ms)
		SetupLoadedEditorAssemblies (504ms)
			LogAssemblyErrors (0ms)
			InitializePlatformSupportModulesInManaged (45ms)
			SetLoadedEditorAssemblies (4ms)
			BeforeProcessingInitializeOnLoad (106ms)
			ProcessInitializeOnLoadAttributes (219ms)
			ProcessInitializeOnLoadMethodAttributes (131ms)
			AfterProcessingInitializeOnLoad (0ms)
			EditorAssembliesLoaded (0ms)
		ExecutionOrderSort2 (0ms)
		AwakeInstancesAfterBackupRestoration (0ms)
========================================================================
Worker process is ready to serve import requests
Import Worker Mode flag is 0x00
Begin MonoManager ReloadAssembly
[Licensing::Module] Licensing is not yet initialized.
[Licensing::Client] Handshaking with LicensingClient:
  Version:                 1.17.4+4293ba1
  Session Id:              af513407a20642518ca35751910b890c
  Correlation Id:          714e59ab9399a1d32f08b7c1efb75ee0
  External correlation Id: 1403086340246191516
  Machine Id:              cFrSOXogO3DMgVw91dr0MW7TPhw=
[Licensing::Module] Successfully connected to LicensingClient on channel: "LicenseClient-DELL PRECISION" (connect: 0.00s, validation: 0.00s, handshake: 2.82s)
[Licensing::IpcConnector] Successfully connected to: "LicenseClient-DELL PRECISION-notifications" at "2026-07-18T09:29:25.3178338Z"
[Licensing::Module] Licensing Background thread has ended after 2.82s
[Licensing::Module] Licensing is initialized (took 0.17s).
[Licensing::Client] Successfully resolved entitlement details
[Licensing::Module] License group:
  Id: 18968342797143-UnityPersXXXX
  Product: Unity Personal
  Type: Assigned
  Expiration: Unlimited
- Loaded All Assemblies, in  1.323 seconds
Refreshing native plugins compatible for Editor in 1.40 ms, found 4 plugins.
Native extension for WindowsStandalone target not found
Package Manager log level set to [2]
[Package Manager] Failed to launch server process. Reason: Unity was launched with the -noUpm command-line argument
[Package Manager] Unable to send message (not connected to server process).
[Package Manager] Cannot connect to Unity Package Manager local server
Mono: successfully reloaded assembly
- Finished resetting the current domain, in  0.885 seconds
Domain Reload Profiling: 2205ms
	BeginReloadAssembly (393ms)
		ExecutionOrderSort (0ms)
		DisableScriptedObjects (7ms)
		BackupInstance (0ms)
		ReleaseScriptingObjects (0ms)
		CreateAndSetChildDomain (59ms)
	RebuildCommonClasses (37ms)
	RebuildNativeTypeToScriptingClass (16ms)
	initialDomainReloadingComplete (41ms)
	LoadAllAssembliesAndSetupDomain (834ms)
		LoadAssemblies (580ms)
		RebuildTransferFunctionScriptingTraits (0ms)
		AnalyzeDomain (352ms)
			TypeCache.Refresh (258ms)
				TypeCache.ScanAssembly (235ms)
			BuildScriptInfoCaches (77ms)
			ResolveRequiredComponents (11ms)
	FinalizeReload (885ms)
		ReleaseScriptCaches (0ms)
		RebuildScriptCaches (0ms)
		SetupLoadedEditorAssemblies (698ms)
			LogAssemblyErrors (0ms)
			InitializePlatformSupportModulesInManaged (2ms)
			SetLoadedEditorAssemblies (4ms)
			BeforeProcessingInitializeOnLoad (180ms)
			ProcessInitializeOnLoadAttributes (392ms)
			ProcessInitializeOnLoadMethodAttributes (116ms)
			AfterProcessingInitializeOnLoad (4ms)
			EditorAssembliesLoaded (0ms)
		ExecutionOrderSort2 (0ms)
		AwakeInstancesAfterBackupRestoration (6ms)
Launched and connected shader compiler UnityShaderCompiler.exe after 0.03 seconds
Refreshing native plugins compatible for Editor in 2.59 ms, found 4 plugins.
Preloading 0 native plugins for Editor in 0.00 ms.
Unloading 16 Unused Serialized files (Serialized files now loaded: 0)
Unloading 6871 unused Assets / (4.7 MB). Loaded Objects now: 7688.
Memory consumption went from 157.9 MB to 153.2 MB.
Total: 19.993200 ms (FindLiveObjects: 1.891400 ms CreateObjectMapping: 2.800800 ms MarkObjects: 10.671400 ms  DeleteObjects: 4.626400 ms)

========================================================================
Received Import Request.
  Time since last request: 243689.210698 seconds.
  path: Assets/Settings/Scenes/URP2DSceneTemplate.unity
  artifactKey: Guid(2cda990e2423bbf4892e6590ba056729) Importer(2089858483,b0f066a214c2f5e87bad3c948f4d605d)
Start importing Assets/Settings/Scenes/URP2DSceneTemplate.unity using Guid(2cda990e2423bbf4892e6590ba056729) Importer(2089858483,b0f066a214c2f5e87bad3c948f4d605d) (ScriptedImporter) -> (artifact id: '1e59a3c7add7d53624c4e6013aa78bb9') in 0.1157183 seconds
Number of updated asset objects reloaded before import = 0Number of asset objects unloaded after import = 1

========================================================================
Received Import Request.
  Time since last request: 0.000117 seconds.
  path: Assets/Settings/UniversalRP.asset
  artifactKey: Guid(681886c5eb7344803b6206f758bf0b1c) Importer(2089858483,b0f066a214c2f5e87bad3c948f4d605d)
Start importing Assets/Settings/UniversalRP.asset using Guid(681886c5eb7344803b6206f758bf0b1c) Importer(2089858483,b0f066a214c2f5e87bad3c948f4d605d) (ScriptedImporter) -> (artifact id: 'b066a1333d7803d7bbac472e0e7a2ba2') in 0.2387142 seconds
Number of updated asset objects reloaded before import = 0Number of asset objects unloaded after import = 1

========================================================================
Received Import Request.
  Time since last request: 778.542665 seconds.
  path: Assets/Import
  artifactKey: Guid(9476860e211fdde46bae25d103b043b5) Importer(815301076,1909f56bfc062723c751e8b465ee728b)
Start importing Assets/Import using Guid(9476860e211fdde46bae25d103b043b5) Importer(815301076,1909f56bfc062723c751e8b465ee728b) (PreviewImporter) -> (artifact id: 'db576bc5aa020884851ff69189023486') in 0.0008669 seconds
Number of updated asset objects reloaded before import = 0Number of asset objects unloaded after import = 0

========================================================================
Received Import Request.
  Time since last request: 13.234553 seconds.
  path: Assets/Import/Town
  artifactKey: Guid(cb27251cf7ef92c44aa93d7fed69558c) Importer(815301076,1909f56bfc062723c751e8b465ee728b)
Start importing Assets/Import/Town using Guid(cb27251cf7ef92c44aa93d7fed69558c) Importer(815301076,1909f56bfc062723c751e8b465ee728b) (PreviewImporter) -> (artifact id: 'ace55a2bd33d7bfde61b15e6a15df3a1') in 0.0007678 seconds
Number of updated asset objects reloaded before import = 0Number of asset objects unloaded after import = 0

========================================================================
Received Import Request.
  Time since last request: 0.935540 seconds.
  path: Assets/Import/Town
  artifactKey: Guid(cb27251cf7ef92c44aa93d7fed69558c) Importer(2089858483,b0f066a214c2f5e87bad3c948f4d605d)
Start importing Assets/Import/Town using Guid(cb27251cf7ef92c44aa93d7fed69558c) Importer(2089858483,b0f066a214c2f5e87bad3c948f4d605d) (ScriptedImporter) -> (artifact id: '8594fdeff6ed4622057e669571fbb4ab') in 0.0125261 seconds
Number of updated asset objects reloaded before import = 0Number of asset objects unloaded after import = 1

========================================================================
Received Import Request.
  Time since last request: 41.147256 seconds.
  path: Assets/Import/Town/town/Foozle_2DS0017_Spire_TowerPack_1/Towers Weapons/Tower 02/Aseprite
  artifactKey: Guid(698e97a0f6f59a947991ac91a52fbe9e) Importer(2089858483,b0f066a214c2f5e87bad3c948f4d605d)
Start importing Assets/Import/Town/town/Foozle_2DS0017_Spire_TowerPack_1/Towers Weapons/Tower 02/Aseprite using Guid(698e97a0f6f59a947991ac91a52fbe9e) Importer(2089858483,b0f066a214c2f5e87bad3c948f4d605d) (ScriptedImporter) -> (artifact id: '5f1887d94e912d6b81e2cb7f22fff22d') in 0.0130808 seconds
Number of updated asset objects reloaded before import = 0Number of asset objects unloaded after import = 1

========================================================================
Received Import Request.
  Time since last request: 0.000023 seconds.
  path: Assets/Import/Town/town/Foozle_2DS0017_Spire_TowerPack_1/Towers Weapons/Tower 01/Previews/Tower 01 - Level 01 - Weapon.gif
  artifactKey: Guid(1d41b44e9cbbc934a8c500a8ac4009f7) Importer(2089858483,b0f066a214c2f5e87bad3c948f4d605d)
Start importing Assets/Import/Town/town/Foozle_2DS0017_Spire_TowerPack_1/Towers Weapons/Tower 01/Previews/Tower 01 - Level 01 - Weapon.gif using Guid(1d41b44e9cbbc934a8c500a8ac4009f7) Importer(2089858483,b0f066a214c2f5e87bad3c948f4d605d) (ScriptedImporter) -> (artifact id: '4e8db3756602e6b5c85dcdf2df16b186') in 0.0650649 seconds
Number of updated asset objects reloaded before import = 0Number of asset objects unloaded after import = 3

========================================================================
Received Import Request.
  Time since last request: 0.000019 seconds.
  path: Assets/Import/Town/town/Foozle_2DS0017_Spire_TowerPack_1/Towers Weapons/Tower 01/Aseprite/Tower 01 - Weapon - Impact.aseprite
  artifactKey: Guid(f3635ff51c777d8478031c6eb206cfb3) Importer(2089858483,b0f066a214c2f5e87bad3c948f4d605d)
Start importing Assets/Import/Town/town/Foozle_2DS0017_Spire_TowerPack_1/Towers Weapons/Tower 01/Aseprite/Tower 01 - Weapon - Impact.aseprite using Guid(f3635ff51c777d8478031c6eb206cfb3) Importer(2089858483,b0f066a214c2f5e87bad3c948f4d605d) (ScriptedImporter) -> (artifact id: '10647be37b37e234dbe2055d11609560') in 0.1208919 seconds
Number of updated asset objects reloaded before import = 0Number of asset objects unloaded after import = 16

========================================================================
Received Import Request.
  Time since last request: 0.000039 seconds.
  path: Assets/Import/Town/town/Foozle_2DS0017_Spire_TowerPack_1/Towers Weapons/Tower 01/Spritesheets/Tower 01 - Level 03 - Weapon.png
  artifactKey: Guid(c562599542449ba428cf7d7cb78fb457) Importer(2089858483,b0f066a214c2f5e87bad3c948f4d605d)
Start importing Assets/Import/Town/town/Foozle_2DS0017_Spire_TowerPack_1/Towers Weapons/Tower 01/Spritesheets/Tower 01 - Level 03 - Weapon.png using Guid(c562599542449ba428cf7d7cb78fb457) Importer(2089858483,b0f066a214c2f5e87bad3c948f4d605d) (ScriptedImporter) -> (artifact id: '836a412aa37544117424059fffaf45f5') in 0.0256564 seconds
Number of updated asset objects reloaded before import = 0Number of asset objects unloaded after import = 8

========================================================================
Received Import Request.
  Time since last request: 0.000024 seconds.
  path: Assets/Import/Town/town/Foozle_2DS0017_Spire_TowerPack_1/Towers Weapons/Tower 02/Spritesheets/Tower 02 - Level 01 - Projectile - Impact.png
  artifactKey: Guid(44d6a783bbd4e3047ad54bfe3404411f) Importer(2089858483,b0f066a214c2f5e87bad3c948f4d605d)
Start importing Assets/Import/Town/town/Foozle_2DS0017_Spire_TowerPack_1/Towers Weapons/Tower 02/Spritesheets/Tower 02 - Level 01 - Projectile - Impact.png using Guid(44d6a783bbd4e3047ad54bfe3404411f) Importer(2089858483,b0f066a214c2f5e87bad3c948f4d605d) (ScriptedImporter) -> (artifact id: 'e6f0962dee83f9b4d6e1f3b753f035ce') in 0.0359595 seconds
Number of updated asset objects reloaded before import = 0Number of asset objects unloaded after import = 11

========================================================================
Received Import Request.
  Time since last request: 0.000019 seconds.
  path: Assets/Import/Town/town/Foozle_2DS0017_Spire_TowerPack_1/Towers Weapons/Tower 02/Previews/Tower 02 - Level 02 - Projectile - Impact.gif
  artifactKey: Guid(9b83cc8bcd930d144897f0470886526d) Importer(2089858483,b0f066a214c2f5e87bad3c948f4d605d)
Start importing Assets/Import/Town/town/Foozle_2DS0017_Spire_TowerPack_1/Towers Weapons/Tower 02/Previews/Tower 02 - Level 02 - Projectile - Impact.gif using Guid(9b83cc8bcd930d144897f0470886526d) Importer(2089858483,b0f066a214c2f5e87bad3c948f4d605d) (ScriptedImporter) -> (artifact id: '44cb925fb06b654d3162934934f7c497') in 0.0175248 seconds
Number of updated asset objects reloaded before import = 0Number of asset objects unloaded after import = 3

========================================================================
Received Import Request.
  Time since last request: 0.000019 seconds.
  path: Assets/Import/Town/town/Foozle_2DS0017_Spire_TowerPack_1/Towers Weapons/Tower 01/Previews
  artifactKey: Guid(7b9c2ee732df384469fde34869b9a179) Importer(2089858483,b0f066a214c2f5e87bad3c948f4d605d)
Start importing Assets/Import/Town/town/Foozle_2DS0017_Spire_TowerPack_1/Towers Weapons/Tower 01/Previews using Guid(7b9c2ee732df384469fde34869b9a179) Importer(2089858483,b0f066a214c2f5e87bad3c948f4d605d) (ScriptedImporter) -> (artifact id: '10a67c969db7d56616d1d0d54d81bf29') in 0.0105468 seconds
Number of updated asset objects reloaded before import = 0Number of asset objects unloaded after import = 1

========================================================================
Received Import Request.
  Time since last request: 0.000025 seconds.
  path: Assets/Import/Town/town/Foozle_2DS0017_Spire_TowerPack_1/Towers bases/PNGs/Tower 02.png
  artifactKey: Guid(f3c1ad2979cf6c84da299a794c44ac69) Importer(2089858483,b0f066a214c2f5e87bad3c948f4d605d)
Start importing Assets/Import/Town/town/Foozle_2DS0017_Spire_TowerPack_1/Towers bases/PNGs/Tower 02.png using Guid(f3c1ad2979cf6c84da299a794c44ac69) Importer(2089858483,b0f066a214c2f5e87bad3c948f4d605d) (ScriptedImporter) -> (artifact id: '4d27d946d78c675b8c4e2554487ca646') in 0.0165715 seconds
Number of updated asset objects reloaded before import = 0Number of asset objects unloaded after import = 3

========================================================================
Received Import Request.
  Time since last request: 0.000040 seconds.
  path: Assets/Import/Town/town/Foozle_2DS0017_Spire_TowerPack_1/Towers Weapons/Tower 02/Aseprite/Tower 02 - Level 01 - Projectile.aseprite
  artifactKey: Guid(545060a298a152b409a5bfe0da31ae72) Importer(2089858483,b0f066a214c2f5e87bad3c948f4d605d)
Start importing Assets/Import/Town/town/Foozle_2DS0017_Spire_TowerPack_1/Towers Weapons/Tower 02/Aseprite/Tower 02 - Level 01 - Projectile.aseprite using Guid(545060a298a152b409a5bfe0da31ae72) Importer(2089858483,b0f066a214c2f5e87bad3c948f4d605d) (ScriptedImporter) -> (artifact id: 'f895238111008ca2d9b2ebc550b41bf9') in 0.0600918 seconds
Number of updated asset objects reloaded before import = 0Number of asset objects unloaded after import = 16

========================================================================
Received Import Request.
  Time since last request: 0.000050 seconds.
  path: Assets/Import/Town/town/Foozle_2DS0017_Spire_TowerPack_1/Towers bases/Aseprite/Tower 01.aseprite
  artifactKey: Guid(edd7564a796d50742a33003d65646dcb) Importer(2089858483,b0f066a214c2f5e87bad3c948f4d605d)
Start importing Assets/Import/Town/town/Foozle_2DS0017_Spire_TowerPack_1/Towers bases/Aseprite/Tower 01.aseprite using Guid(edd7564a796d50742a33003d65646dcb) Importer(2089858483,b0f066a214c2f5e87bad3c948f4d605d) (ScriptedImporter) -> (artifact id: 'bfc0019ee73168733c27d722a1982a52') in 0.0372071 seconds
Number of updated asset objects reloaded before import = 0Number of asset objects unloaded after import = 18

========================================================================
Received Import Request.
  Time since last request: 0.000027 seconds.
  path: Assets/Import/Town/town/Foozle_2DS0017_Spire_TowerPack_1/Towers Weapons/Tower 01/Spritesheets/Tower 01 - Level 03 - Projectile.png
  artifactKey: Guid(b117abb9b77e845419576817faff3b8e) Importer(2089858483,b0f066a214c2f5e87bad3c948f4d605d)
Start importing Assets/Import/Town/town/Foozle_2DS0017_Spire_TowerPack_1/Towers Weapons/Tower 01/Spritesheets/Tower 01 - Level 03 - Projectile.png using Guid(b117abb9b77e845419576817faff3b8e) Importer(2089858483,b0f066a214c2f5e87bad3c948f4d605d) (ScriptedImporter) -> (artifact id: '0f2adcf75725e17be8a923ce62349120') in 0.0229662 seconds
Number of updated asset objects reloaded before import = 0Number of asset objects unloaded after import = 7

========================================================================
Received Import Request.
  Time since last request: 0.000024 seconds.
  path: Assets/Import/Town/town/Foozle_2DS0017_Spire_TowerPack_1/Towers Weapons/Tower 02/Aseprite/Tower 02 - Level 02 - Weapon.aseprite
  artifactKey: Guid(9a68e8e9a9b1fe14795bce3474970ff6) Importer(2089858483,b0f066a214c2f5e87bad3c948f4d605d)
Start importing Assets/Import/Town/town/Foozle_2DS0017_Spire_TowerPack_1/Towers Weapons/Tower 02/Aseprite/Tower 02 - Level 02 - Weapon.aseprite using Guid(9a68e8e9a9b1fe14795bce3474970ff6) Importer(2089858483,b0f066a214c2f5e87bad3c948f4d605d) (ScriptedImporter) -> (artifact id: '3ac85f8c9fb6156560a577045b270a1c') in 0.0713116 seconds
Number of updated asset objects reloaded before import = 0Number of asset objects unloaded after import = 46

========================================================================
Received Import Request.
  Time since last request: 0.000039 seconds.
  path: Assets/Import/Town/town/Foozle_2DS0017_Spire_TowerPack_1/Towers Weapons/Tower 01/Aseprite/Tower 01 - Level 01 - Projectile.aseprite
  artifactKey: Guid(a3ea0621207f15c459756c076032b37c) Importer(2089858483,b0f066a214c2f5e87bad3c948f4d605d)
Start importing Assets/Import/Town/town/Foozle_2DS0017_Spire_TowerPack_1/Towers Weapons/Tower 01/Aseprite/Tower 01 - Level 01 - Projectile.aseprite using Guid(a3ea0621207f15c459756c076032b37c) Importer(2089858483,b0f066a214c2f5e87bad3c948f4d605d) (ScriptedImporter) -> (artifact id: 'a0ca452e0a07f2cf7c3745eb12423a57') in 0.0296501 seconds
Number of updated asset objects reloaded before import = 0Number of asset objects unloaded after import = 14

========================================================================
Received Import Request.
  Time since last request: 0.000042 seconds.
  path: Assets/Import/Town/town/Foozle_2DS0017_Spire_TowerPack_1/Towers Weapons/Tower 02/Previews/Tower 02 - Level 02 - Projectile.gif
  artifactKey: Guid(31efa2a371ff8d84da1f8fe172499e8d) Importer(2089858483,b0f066a214c2f5e87bad3c948f4d605d)
Start importing Assets/Import/Town/town/Foozle_2DS0017_Spire_TowerPack_1/Towers Weapons/Tower 02/Previews/Tower 02 - Level 02 - Projectile.gif using Guid(31efa2a371ff8d84da1f8fe172499e8d) Importer(2089858483,b0f066a214c2f5e87bad3c948f4d605d) (ScriptedImporter) -> (artifact id: 'bf09c5f7b6618d35a3e480d31bf07166') in 0.0189468 seconds
Number of updated asset objects reloaded before import = 0Number of asset objects unloaded after import = 3

========================================================================
Received Import Request.
  Time since last request: 0.000023 seconds.
  path: Assets/Import/Town/town/Foozle_2DS0017_Spire_TowerPack_1/Towers Weapons/Tower 01/Previews/Tower 01 - Level 03 - Weapon.gif
  artifactKey: Guid(9e0d0e40e0517ba48a36255780555c7e) Importer(2089858483,b0f066a214c2f5e87bad3c948f4d605d)
Start importing Assets/Import/Town/town/Foozle_2DS0017_Spire_TowerPack_1/Towers Weapons/Tower 01/Previews/Tower 01 - Level 03 - Weapon.gif using Guid(9e0d0e40e0517ba48a36255780555c7e) Importer(2089858483,b0f066a214c2f5e87bad3c948f4d605d) (ScriptedImporter) -> (artifact id: 'fee32d92b1a2c575d02678d44b1c9ea0') in 0.0148063 seconds
Number of updated asset objects reloaded before import = 0Number of asset objects unloaded after import = 3

========================================================================
Received Import Request.
  Time since last request: 0.000025 seconds.
  path: Assets/Import/Town/town/Foozle_2DS0017_Spire_TowerPack_1/Towers Weapons/Tower 01/Spritesheets
  artifactKey: Guid(7fc32027176ee8845a221acee6ed0ff1) Importer(2089858483,b0f066a214c2f5e87bad3c948f4d605d)
Start importing Assets/Import/Town/town/Foozle_2DS0017_Spire_TowerPack_1/Towers Weapons/Tower 01/Spritesheets using Guid(7fc32027176ee8845a221acee6ed0ff1) Importer(2089858483,b0f066a214c2f5e87bad3c948f4d605d) (ScriptedImporter) -> (artifact id: '7a7a10d99528500934ed3fa5a56b608a') in 0.0145135 seconds
Number of updated asset objects reloaded before import = 0Number of asset objects unloaded after import = 1

========================================================================
Received Import Request.
  Time since last request: 0.000025 seconds.
  path: Assets/Import/Town/town/Foozle_2DS0017_Spire_TowerPack_1/Towers Weapons/Tower 02/Previews/Tower 02 - Level 01 - Weapon.gif
  artifactKey: Guid(affccc6d154ceeb469c70910f394f2b8) Importer(2089858483,b0f066a214c2f5e87bad3c948f4d605d)
Start importing Assets/Import/Town/town/Foozle_2DS0017_Spire_TowerPack_1/Towers Weapons/Tower 02/Previews/Tower 02 - Level 01 - Weapon.gif using Guid(affccc6d154ceeb469c70910f394f2b8) Importer(2089858483,b0f066a214c2f5e87bad3c948f4d605d) (ScriptedImporter) -> (artifact id: '7045a8bf2272630ff709b6607f109b09') in 0.0174733 seconds
Number of updated asset objects reloaded before import = 0Number of asset objects unloaded after import = 3

========================================================================
Received Import Request.
  Time since last request: 0.000037 seconds.
  path: Assets/Import/Town/town/Foozle_2DS0017_Spire_TowerPack_1/Towers Weapons/Tower 01/Aseprite
  artifactKey: Guid(0d91c39906aa3b847b90e731ec0405d7) Importer(2089858483,b0f066a214c2f5e87bad3c948f4d605d)
Start importing Assets/Import/Town/town/Foozle_2DS0017_Spire_TowerPack_1/Towers Weapons/Tower 01/Aseprite using Guid(0d91c39906aa3b847b90e731ec0405d7) Importer(2089858483,b0f066a214c2f5e87bad3c948f4d605d) (ScriptedImporter) -> (artifact id: '4ed0e47cce72935555153317543aa866') in 0.0148371 seconds
Number of updated asset objects reloaded before import = 0Number of asset objects unloaded after import = 1

========================================================================
Received Import Request.
  Time since last request: 0.000017 seconds.
  path: Assets/Import/Town/town/Foozle_2DS0017_Spire_TowerPack_1/Towers bases/PNGs/Tower 01.png
  artifactKey: Guid(7da84d7bb4e197a49981731b9119c918) Importer(2089858483,b0f066a214c2f5e87bad3c948f4d605d)
Start importing Assets/Import/Town/town/Foozle_2DS0017_Spire_TowerPack_1/Towers bases/PNGs/Tower 01.png using Guid(7da84d7bb4e197a49981731b9119c918) Importer(2089858483,b0f066a214c2f5e87bad3c948f4d605d) (ScriptedImporter) -> (artifact id: '098ff9d36ad67b9ead50cc0353ca6ce8') in 0.0162752 seconds
Number of updated asset objects reloaded before import = 0Number of asset objects unloaded after import = 3

========================================================================
Received Import Request.
  Time since last request: 0.000018 seconds.
  path: Assets/Import/Town/town/Foozle_2DS0017_Spire_TowerPack_1/Towers bases
  artifactKey: Guid(c36f7c082f30315408d454fdfd143136) Importer(2089858483,b0f066a214c2f5e87bad3c948f4d605d)
Start importing Assets/Import/Town/town/Foozle_2DS0017_Spire_TowerPack_1/Towers bases using Guid(c36f7c082f30315408d454fdfd143136) Importer(2089858483,b0f066a214c2f5e87bad3c948f4d605d) (ScriptedImporter) -> (artifact id: '7cc9595f66929a924278316e2ecce0f2') in 0.0096465 seconds
Number of updated asset objects reloaded before import = 0Number of asset objects unloaded after import = 1

========================================================================
Received Import Request.
  Time since last request: 0.000030 seconds.
  path: Assets/Import/Town/town/Foozle_2DS0017_Spire_TowerPack_1/Towers Weapons/Tower 02/Previews/Tower 02 - Level 01 - Projectile - Impact.gif
  artifactKey: Guid(451344a31399cd344a6a853c6f397b61) Importer(2089858483,b0f066a214c2f5e87bad3c948f4d605d)
Start importing Assets/Import/Town/town/Foozle_2DS0017_Spire_TowerPack_1/Towers Weapons/Tower 02/Previews/Tower 02 - Level 01 - Projectile - Impact.gif using Guid(451344a31399cd344a6a853c6f397b61) Importer(2089858483,b0f066a214c2f5e87bad3c948f4d605d) (ScriptedImporter) -> (artifact id: '93ce84732fb379abb9cdc7c483a0acec') in 0.0138137 seconds
Number of updated asset objects reloaded before import = 0Number of asset objects unloaded after import = 3

========================================================================
Received Import Request.
  Time since last request: 0.000048 seconds.
  path: Assets/Import/Town/town/Foozle_2DS0017_Spire_TowerPack_1/Towers Weapons/Tower 02/Aseprite/Tower 02 - Level 03 - Weapon.aseprite
  artifactKey: Guid(98cb2e6cdedf5d249bddc3f94e22b4ca) Importer(2089858483,b0f066a214c2f5e87bad3c948f4d605d)
Start importing Assets/Import/Town/town/Foozle_2DS0017_Spire_TowerPack_1/Towers Weapons/Tower 02/Aseprite/Tower 02 - Level 03 - Weapon.aseprite using Guid(98cb2e6cdedf5d249bddc3f94e22b4ca) Importer(2089858483,b0f066a214c2f5e87bad3c948f4d605d) (ScriptedImporter) -> (artifact id: 'b334d9a778b7f62690d22d3a4088ef3a') in 0.0602953 seconds
Number of updated asset objects reloaded before import = 0Number of asset objects unloaded after import = 50

========================================================================
Received Import Request.
  Time since last request: 0.000094 seconds.
  path: Assets/Import/Town/town/Foozle_2DS0017_Spire_TowerPack_1/Towers Weapons/Tower 02/Spritesheets/Tower 02 - Level 01 - Projectile.png
  artifactKey: Guid(c98d1be512914d243aa5bd2d1483e052) Importer(2089858483,b0f066a214c2f5e87bad3c948f4d605d)
Start importing Assets/Import/Town/town/Foozle_2DS0017_Spire_TowerPack_1/Towers Weapons/Tower 02/Spritesheets/Tower 02 - Level 01 - Projectile.png using Guid(c98d1be512914d243aa5bd2d1483e052) Importer(2089858483,b0f066a214c2f5e87bad3c948f4d605d) (ScriptedImporter) -> (artifact id: '90dac2f39ac71ffc86f7797f845e208d') in 0.0233353 seconds
Number of updated asset objects reloaded before import = 0Number of asset objects unloaded after import = 7

========================================================================
Received Import Request.
  Time since last request: 0.000031 seconds.
  path: Assets/Import/Town/town/Foozle_2DS0017_Spire_TowerPack_1/Towers Weapons/Tower 02/Previews/Tower 02 - Level 02 - Weapon.gif
  artifactKey: Guid(de9e4d1c564a9f5489e912a70207f707) Importer(2089858483,b0f066a214c2f5e87bad3c948f4d605d)
Start importing Assets/Import/Town/town/Foozle_2DS0017_Spire_TowerPack_1/Towers Weapons/Tower 02/Previews/Tower 02 - Level 02 - Weapon.gif using Guid(de9e4d1c564a9f5489e912a70207f707) Importer(2089858483,b0f066a214c2f5e87bad3c948f4d605d) (ScriptedImporter) -> (artifact id: 'c2a4638a565fe0d67463dc2d658e7844') in 0.0187786 seconds
Number of updated asset objects reloaded before import = 0Number of asset objects unloaded after import = 3

========================================================================
Received Import Request.
  Time since last request: 0.000080 seconds.
  path: Assets/Import/Town/town/Foozle_2DS0017_Spire_TowerPack_1/Towers bases/Aseprite
  artifactKey: Guid(bdfa524af5d0dec40ad93d8d8e81bcd4) Importer(2089858483,b0f066a214c2f5e87bad3c948f4d605d)
Start importing Assets/Import/Town/town/Foozle_2DS0017_Spire_TowerPack_1/Towers bases/Aseprite using Guid(bdfa524af5d0dec40ad93d8d8e81bcd4) Importer(2089858483,b0f066a214c2f5e87bad3c948f4d605d) (ScriptedImporter) -> (artifact id: '9c911b4914db184f15fe2f0f2c6e6af3') in 0.0116018 seconds
Number of updated asset objects reloaded before import = 0Number of asset objects unloaded after import = 1

========================================================================
Received Import Request.
  Time since last request: 0.000019 seconds.
  path: Assets/Import/Town/town/Foozle_2DS0017_Spire_TowerPack_1/Towers Weapons/Tower 01/Previews/Tower 01 - Level 01 - Projectile.gif
  artifactKey: Guid(6dfe474f40073c5489aba6e2e4ac990c) Importer(2089858483,b0f066a214c2f5e87bad3c948f4d605d)
Start importing Assets/Import/Town/town/Foozle_2DS0017_Spire_TowerPack_1/Towers Weapons/Tower 01/Previews/Tower 01 - Level 01 - Projectile.gif using Guid(6dfe474f40073c5489aba6e2e4ac990c) Importer(2089858483,b0f066a214c2f5e87bad3c948f4d605d) (ScriptedImporter) -> (artifact id: 'b1b47b13dc19b2d7c664bc1009f5bde6') in 0.0179308 seconds
Number of updated asset objects reloaded before import = 0Number of asset objects unloaded after import = 3

========================================================================
Received Import Request.
  Time since last request: 0.000022 seconds.
  path: Assets/Import/Town/town/Foozle_2DS0017_Spire_TowerPack_1/Towers Weapons
  artifactKey: Guid(2d9f32e136396a1429a7b018094c63c7) Importer(2089858483,b0f066a214c2f5e87bad3c948f4d605d)
Start importing Assets/Import/Town/town/Foozle_2DS0017_Spire_TowerPack_1/Towers Weapons using Guid(2d9f32e136396a1429a7b018094c63c7) Importer(2089858483,b0f066a214c2f5e87bad3c948f4d605d) (ScriptedImporter) -> (artifact id: '69ea07d881647dc27ec3dbedcf7d6ec9') in 0.0136402 seconds
Number of updated asset objects reloaded before import = 0Number of asset objects unloaded after import = 1

========================================================================
Received Import Request.
  Time since last request: 0.000021 seconds.
  path: Assets/Import/Town/town/Foozle_2DS0017_Spire_TowerPack_1/Towers Weapons/Tower 02/Aseprite/Tower 02 - Level 03 - Projectile - Impact.aseprite
  artifactKey: Guid(395259da1640a274793c2e77233cc863) Importer(2089858483,b0f066a214c2f5e87bad3c948f4d605d)
Start importing Assets/Import/Town/town/Foozle_2DS0017_Spire_TowerPack_1/Towers Weapons/Tower 02/Aseprite/Tower 02 - Level 03 - Projectile - Impact.aseprite using Guid(395259da1640a274793c2e77233cc863) Importer(2089858483,b0f066a214c2f5e87bad3c948f4d605d) (ScriptedImporter) -> (artifact id: '3abd1ec5384feb9e48e4129593fea4be') in 0.0260984 seconds
Number of updated asset objects reloaded before import = 0Number of asset objects unloaded after import = 17

========================================================================
Received Import Request.
  Time since last request: 0.000031 seconds.
  path: Assets/Import/Town/town/Foozle_2DS0017_Spire_TowerPack_1/Towers Weapons/Tower 01/Spritesheets/Tower 01 - Level 02 - Weapon.png
  artifactKey: Guid(aaac4ac5dcaa95d439a5c13b57ef5706) Importer(2089858483,b0f066a214c2f5e87bad3c948f4d605d)
Start importing Assets/Import/Town/town/Foozle_2DS0017_Spire_TowerPack_1/Towers Weapons/Tower 01/Spritesheets/Tower 01 - Level 02 - Weapon.png using Guid(aaac4ac5dcaa95d439a5c13b57ef5706) Importer(2089858483,b0f066a214c2f5e87bad3c948f4d605d) (ScriptedImporter) -> (artifact id: '16b1157fd999cd4ce70c30bd8b3f16e2') in 0.0211567 seconds
Number of updated asset objects reloaded before import = 0Number of asset objects unloaded after import = 8

========================================================================
Received Import Request.
  Time since last request: 0.000027 seconds.
  path: Assets/Import/Town/town/Foozle_2DS0017_Spire_TowerPack_1/Towers Weapons/Tower 01/Aseprite/Tower 01 - Level 02 - Weapon.aseprite
  artifactKey: Guid(ffe100955ca4d614091213a35035becf) Importer(2089858483,b0f066a214c2f5e87bad3c948f4d605d)
Start importing Assets/Import/Town/town/Foozle_2DS0017_Spire_TowerPack_1/Towers Weapons/Tower 01/Aseprite/Tower 01 - Level 02 - Weapon.aseprite using Guid(ffe100955ca4d614091213a35035becf) Importer(2089858483,b0f066a214c2f5e87bad3c948f4d605d) (ScriptedImporter) -> (artifact id: '6bd38088b9f3fbc07448146dec78841c') in 0.0403366 seconds
Number of updated asset objects reloaded before import = 0Number of asset objects unloaded after import = 17

========================================================================
Received Import Request.
  Time since last request: 0.000019 seconds.
  path: Assets/Import/Town/town/Foozle_2DS0017_Spire_TowerPack_1/Towers Weapons/Tower 01/Previews/Tower 01 - Weapon - Impact.gif
  artifactKey: Guid(a292e2ce910ab0e4dad616241bda3dbc) Importer(2089858483,b0f066a214c2f5e87bad3c948f4d605d)
Start importing Assets/Import/Town/town/Foozle_2DS0017_Spire_TowerPack_1/Towers Weapons/Tower 01/Previews/Tower 01 - Weapon - Impact.gif using Guid(a292e2ce910ab0e4dad616241bda3dbc) Importer(2089858483,b0f066a214c2f5e87bad3c948f4d605d) (ScriptedImporter) -> (artifact id: '0e9d5610a91173af249b136331093f97') in 0.0167234 seconds
Number of updated asset objects reloaded before import = 0Number of asset objects unloaded after import = 3

========================================================================
Received Import Request.
  Time since last request: 0.000020 seconds.
  path: Assets/Import/Town/town/Foozle_2DS0017_Spire_TowerPack_1/Towers Weapons/Tower 02/Spritesheets/Tower 02 - Level 01 - Weapon.png
  artifactKey: Guid(5fbb04fa6ba93ee4d8b4146e275de8ac) Importer(2089858483,b0f066a214c2f5e87bad3c948f4d605d)
Start importing Assets/Import/Town/town/Foozle_2DS0017_Spire_TowerPack_1/Towers Weapons/Tower 02/Spritesheets/Tower 02 - Level 01 - Weapon.png using Guid(5fbb04fa6ba93ee4d8b4146e275de8ac) Importer(2089858483,b0f066a214c2f5e87bad3c948f4d605d) (ScriptedImporter) -> (artifact id: '4eb937e7fc707b5e19619c3eb1fddf7d') in 0.0467235 seconds
Number of updated asset objects reloaded before import = 0Number of asset objects unloaded after import = 28

========================================================================
Received Import Request.
  Time since last request: 0.000027 seconds.
  path: Assets/Import/Town/town/Foozle_2DS0017_Spire_TowerPack_1/Towers Weapons/Tower 02/Spritesheets/Tower 02 - Level 02 - Projectile - Impact.png
  artifactKey: Guid(74459ecb6d16ced40a61aa64632fde1f) Importer(2089858483,b0f066a214c2f5e87bad3c948f4d605d)
Start importing Assets/Import/Town/town/Foozle_2DS0017_Spire_TowerPack_1/Towers Weapons/Tower 02/Spritesheets/Tower 02 - Level 02 - Projectile - Impact.png using Guid(74459ecb6d16ced40a61aa64632fde1f) Importer(2089858483,b0f066a214c2f5e87bad3c948f4d605d) (ScriptedImporter) -> (artifact id: '35b123dec5e10ba0fea7e666da6f554d') in 0.0332016 seconds
Number of updated asset objects reloaded before import = 0Number of asset objects unloaded after import = 17

========================================================================
Received Import Request.
  Time since last request: 14.561832 seconds.
  path: Assets/Import/Town/town/Foozle_2DS0017_Spire_TowerPack_1/Towers bases/Aseprite/Tower 02.aseprite
  artifactKey: Guid(0ae33702fac31f940ac2a950b445988c) Importer(815301076,1909f56bfc062723c751e8b465ee728b)
Start importing Assets/Import/Town/town/Foozle_2DS0017_Spire_TowerPack_1/Towers bases/Aseprite/Tower 02.aseprite using Guid(0ae33702fac31f940ac2a950b445988c) Importer(815301076,1909f56bfc062723c751e8b465ee728b) (PreviewImporter) -> (artifact id: '6c74f4c760bfca574763dcdfb4407f87') in 0.4482005 seconds
Number of updated asset objects reloaded before import = 0Number of asset objects unloaded after import = 18

